The target system is: PSP2 - 0x03600000 - armv7-a
The host system is: Windows - 6.1.7601 - AMD64
Detecting C compiler ABI info compiled with the following output:
Change Dir: D:/psp2proj/CapUnlocker/build/CMakeFiles/CMakeTmp

Run Build Command(s):C:/ninja/ninja.exe cmTC_d4f48 && [1/2] Building C object CMakeFiles\cmTC_d4f48.dir\CMakeCCompilerABI.c.o
PROCESS_IT('C:\Program Files\CMake\share\cmake-3.19\Modules\CMakeCCompilerABI.c', 'CF', 1)
DOING: D:/PROGRA~1/SCE/PSP2SD~1/3.570/HOST_T~1/build/bin/psp2cf64 -XYc=mixed+gnu_ext+c99 -Xhostarch=64 -DSN_TARGET_PSP2 --display_error_number --alternative_tokens -JD:\PROGRA~1\SCE\PSP2SD~1\3.570/host_tools/build/include -JD:\PROGRA~1\SCE\PSP2SD~1\3.570/target/include -JD:\PROGRA~1\SCE\PSP2SD~1\3.570/target/include_common -D__SNC64__ -s CMakeFiles\cmTC_d4f48.dir\CMakeCCompilerABI.c.o -d C:\Users\836D~1\AppData\Local\Temp/SNC14004_0.D -f "C:\Program Files\CMake\share\cmake-3.19\Modules\CMakeCCompilerABI.c" "C:\Program Files\CMake\share\cmake-3.19\Modules\CMakeCCompilerABI.c"
Deleting C:\Users\836D~1\AppData\Local\Temp/SNC14004_0.D
[2/2] Linking C executable cmTC_d4f48
DOING: D:/PROGRA~1/SCE/PSP2SD~1/3.570/HOST_T~1/build/bin/psp2ld -o cmTC_d4f48 CMakeFiles\cmTC_d4f48.dir\CMakeCCompilerABI.c.o



Parsed C implicit include dir info from above output: rv=start
  warn: unable to parse implicit include dirs!


Parsed C implicit link information from above output:
  link line regex: [^( *|.*[/\])(psp2ld\.exe|CMAKE_LINK_STARTFILE-NOTFOUND|([^/\]+-)?ld|collect2)[^/\]*( |$)]
  ignore line: [Change Dir: D:/psp2proj/CapUnlocker/build/CMakeFiles/CMakeTmp]
  ignore line: []
  ignore line: [Run Build Command(s):C:/ninja/ninja.exe cmTC_d4f48 && [1/2] Building C object CMakeFiles\cmTC_d4f48.dir\CMakeCCompilerABI.c.o]
  ignore line: [PROCESS_IT('C:\Program Files\CMake\share\cmake-3.19\Modules\CMakeCCompilerABI.c'  'CF'  1)]
  ignore line: [DOING: D:/PROGRA~1/SCE/PSP2SD~1/3.570/HOST_T~1/build/bin/psp2cf64 -XYc=mixed+gnu_ext+c99 -Xhostarch=64 -DSN_TARGET_PSP2 --display_error_number --alternative_tokens -JD:\PROGRA~1\SCE\PSP2SD~1\3.570/host_tools/build/include -JD:\PROGRA~1\SCE\PSP2SD~1\3.570/target/include -JD:\PROGRA~1\SCE\PSP2SD~1\3.570/target/include_common -D__SNC64__ -s CMakeFiles\cmTC_d4f48.dir\CMakeCCompilerABI.c.o -d C:\Users\836D~1\AppData\Local\Temp/SNC14004_0.D -f "C:\Program Files\CMake\share\cmake-3.19\Modules\CMakeCCompilerABI.c" "C:\Program Files\CMake\share\cmake-3.19\Modules\CMakeCCompilerABI.c"]
  ignore line: [Deleting C:\Users\836D~1\AppData\Local\Temp/SNC14004_0.D]
  ignore line: [[2/2] Linking C executable cmTC_d4f48]
  ignore line: [DOING: D:/PROGRA~1/SCE/PSP2SD~1/3.570/HOST_T~1/build/bin/psp2ld -o cmTC_d4f48 CMakeFiles\cmTC_d4f48.dir\CMakeCCompilerABI.c.o]
  ignore line: []
  ignore line: []
  implicit libs: []
  implicit dirs: []
  implicit fwks: []


Detecting CXX compiler ABI info compiled with the following output:
Change Dir: D:/psp2proj/CapUnlocker/build/CMakeFiles/CMakeTmp

Run Build Command(s):C:/ninja/ninja.exe cmTC_8e88b && [1/2] Building CXX object CMakeFiles\cmTC_8e88b.dir\CMakeCXXCompilerABI.cpp.o
PROCESS_IT('C:\Program Files\CMake\share\cmake-3.19\Modules\CMakeCXXCompilerABI.cpp', '               CPF', 1)
DOING: D:/PROGRA~1/SCE/PSP2SD~1/3.570/HOST_T~1/build/bin/psp2cf64 -XYc=cp-rtti-exceptions+bool+array_nd+wchar_t+tmplname+gnu_ext -Xhostarch=64 -DSN_TARGET_PSP2 --display_error_number --alternative_tokens -JD:\PROGRA~1\SCE\PSP2SD~1\3.570/host_tools/build/include -JD:\PROGRA~1\SCE\PSP2SD~1\3.570/target/include -JD:\PROGRA~1\SCE\PSP2SD~1\3.570/target/include_common -D__SNC64__ -s CMakeFiles\cmTC_8e88b.dir\CMakeCXXCompilerABI.cpp.o -d C:\Users\836D~1\AppData\Local\Temp/SNC13560_0.D -f "C:\Program Files\CMake\share\cmake-3.19\Modules\CMakeCXXCompilerABI.cpp" "C:\Program Files\CMake\share\cmake-3.19\Modules\CMakeCXXCompilerABI.cpp"
Deleting C:\Users\836D~1\AppData\Local\Temp/SNC13560_0.D
[2/2] Linking CXX executable cmTC_8e88b
DOING: D:/PROGRA~1/SCE/PSP2SD~1/3.570/HOST_T~1/build/bin/psp2ld -o cmTC_8e88b CMakeFiles\cmTC_8e88b.dir\CMakeCXXCompilerABI.cpp.o



Parsed CXX implicit include dir info from above output: rv=start
  warn: unable to parse implicit include dirs!


Parsed CXX implicit link information from above output:
  link line regex: [^( *|.*[/\])(psp2ld\.exe|CMAKE_LINK_STARTFILE-NOTFOUND|([^/\]+-)?ld|collect2)[^/\]*( |$)]
  ignore line: [Change Dir: D:/psp2proj/CapUnlocker/build/CMakeFiles/CMakeTmp]
  ignore line: []
  ignore line: [Run Build Command(s):C:/ninja/ninja.exe cmTC_8e88b && [1/2] Building CXX object CMakeFiles\cmTC_8e88b.dir\CMakeCXXCompilerABI.cpp.o]
  ignore line: [PROCESS_IT('C:\Program Files\CMake\share\cmake-3.19\Modules\CMakeCXXCompilerABI.cpp'  '               CPF'  1)]
  ignore line: [DOING: D:/PROGRA~1/SCE/PSP2SD~1/3.570/HOST_T~1/build/bin/psp2cf64 -XYc=cp-rtti-exceptions+bool+array_nd+wchar_t+tmplname+gnu_ext -Xhostarch=64 -DSN_TARGET_PSP2 --display_error_number --alternative_tokens -JD:\PROGRA~1\SCE\PSP2SD~1\3.570/host_tools/build/include -JD:\PROGRA~1\SCE\PSP2SD~1\3.570/target/include -JD:\PROGRA~1\SCE\PSP2SD~1\3.570/target/include_common -D__SNC64__ -s CMakeFiles\cmTC_8e88b.dir\CMakeCXXCompilerABI.cpp.o -d C:\Users\836D~1\AppData\Local\Temp/SNC13560_0.D -f "C:\Program Files\CMake\share\cmake-3.19\Modules\CMakeCXXCompilerABI.cpp" "C:\Program Files\CMake\share\cmake-3.19\Modules\CMakeCXXCompilerABI.cpp"]
  ignore line: [Deleting C:\Users\836D~1\AppData\Local\Temp/SNC13560_0.D]
  ignore line: [[2/2] Linking CXX executable cmTC_8e88b]
  ignore line: [DOING: D:/PROGRA~1/SCE/PSP2SD~1/3.570/HOST_T~1/build/bin/psp2ld -o cmTC_8e88b CMakeFiles\cmTC_8e88b.dir\CMakeCXXCompilerABI.cpp.o]
  ignore line: []
  ignore line: []
  implicit libs: []
  implicit dirs: []
  implicit fwks: []


